Start testing: May 04 07:54 CEST
----------------------------------------------------------
1/5 Testing: FrameBuilder.BuildsFrameWithIncrementingGlobalSequence
1/5 Test: FrameBuilder.BuildsFrameWithIncrementingGlobalSequence
Command: "/home/windows/workspace/coderoast/coderoast-ipc/producer/build/coderoast_ipc_producer_tests" "--gtest_filter=FrameBuilder.BuildsFrameWithIncrementingGlobalSequence" "--gtest_also_run_disabled_tests"
Directory: /home/windows/workspace/coderoast/coderoast-ipc/producer/build
"FrameBuilder.BuildsFrameWithIncrementingGlobalSequence" start time: May 04 07:54 CEST
Output:
----------------------------------------------------------
Running main() from /home/windows/workspace/coderoast/coderoast-ipc/.conan2/p/b/gtestdc5ef5ee991d5/b/src/googletest/src/gtest_main.cc
Note: Google Test filter = FrameBuilder.BuildsFrameWithIncrementingGlobalSequence
[==========] Running 1 test from 1 test suite.
[----------] Global test environment set-up.
[----------] 1 test from FrameBuilder
[ RUN      ] FrameBuilder.BuildsFrameWithIncrementingGlobalSequence
[       OK ] FrameBuilder.BuildsFrameWithIncrementingGlobalSequence (0 ms)
[----------] 1 test from FrameBuilder (0 ms total)

[----------] Global test environment tear-down
[==========] 1 test from 1 test suite ran. (0 ms total)
[  PASSED  ] 1 test.
<end of output>
Test time =   0.00 sec
----------------------------------------------------------
Test Passed.
"FrameBuilder.BuildsFrameWithIncrementingGlobalSequence" end time: May 04 07:54 CEST
"FrameBuilder.BuildsFrameWithIncrementingGlobalSequence" time elapsed: 00:00:00
----------------------------------------------------------

2/5 Testing: FrameBuilder.TracksSeparatePerShardSequences
2/5 Test: FrameBuilder.TracksSeparatePerShardSequences
Command: "/home/windows/workspace/coderoast/coderoast-ipc/producer/build/coderoast_ipc_producer_tests" "--gtest_filter=FrameBuilder.TracksSeparatePerShardSequences" "--gtest_also_run_disabled_tests"
Directory: /home/windows/workspace/coderoast/coderoast-ipc/producer/build
"FrameBuilder.TracksSeparatePerShardSequences" start time: May 04 07:54 CEST
Output:
----------------------------------------------------------
Running main() from /home/windows/workspace/coderoast/coderoast-ipc/.conan2/p/b/gtestdc5ef5ee991d5/b/src/googletest/src/gtest_main.cc
Note: Google Test filter = FrameBuilder.TracksSeparatePerShardSequences
[==========] Running 1 test from 1 test suite.
[----------] Global test environment set-up.
[----------] 1 test from FrameBuilder
[ RUN      ] FrameBuilder.TracksSeparatePerShardSequences
[       OK ] FrameBuilder.TracksSeparatePerShardSequences (0 ms)
[----------] 1 test from FrameBuilder (0 ms total)

[----------] Global test environment tear-down
[==========] 1 test from 1 test suite ran. (0 ms total)
[  PASSED  ] 1 test.
<end of output>
Test time =   0.00 sec
----------------------------------------------------------
Test Passed.
"FrameBuilder.TracksSeparatePerShardSequences" end time: May 04 07:54 CEST
"FrameBuilder.TracksSeparatePerShardSequences" time elapsed: 00:00:00
----------------------------------------------------------

3/5 Testing: FrameBuilder.ModulosShardIdAgainstShardCount
3/5 Test: FrameBuilder.ModulosShardIdAgainstShardCount
Command: "/home/windows/workspace/coderoast/coderoast-ipc/producer/build/coderoast_ipc_producer_tests" "--gtest_filter=FrameBuilder.ModulosShardIdAgainstShardCount" "--gtest_also_run_disabled_tests"
Directory: /home/windows/workspace/coderoast/coderoast-ipc/producer/build
"FrameBuilder.ModulosShardIdAgainstShardCount" start time: May 04 07:54 CEST
Output:
----------------------------------------------------------
Running main() from /home/windows/workspace/coderoast/coderoast-ipc/.conan2/p/b/gtestdc5ef5ee991d5/b/src/googletest/src/gtest_main.cc
Note: Google Test filter = FrameBuilder.ModulosShardIdAgainstShardCount
[==========] Running 1 test from 1 test suite.
[----------] Global test environment set-up.
[----------] 1 test from FrameBuilder
[ RUN      ] FrameBuilder.ModulosShardIdAgainstShardCount
[       OK ] FrameBuilder.ModulosShardIdAgainstShardCount (0 ms)
[----------] 1 test from FrameBuilder (0 ms total)

[----------] Global test environment tear-down
[==========] 1 test from 1 test suite ran. (0 ms total)
[  PASSED  ] 1 test.
<end of output>
Test time =   0.00 sec
----------------------------------------------------------
Test Passed.
"FrameBuilder.ModulosShardIdAgainstShardCount" end time: May 04 07:54 CEST
"FrameBuilder.ModulosShardIdAgainstShardCount" time elapsed: 00:00:00
----------------------------------------------------------

4/5 Testing: StableAgentId.HasConsistentHashForSameName
4/5 Test: StableAgentId.HasConsistentHashForSameName
Command: "/home/windows/workspace/coderoast/coderoast-ipc/producer/build/coderoast_ipc_producer_tests" "--gtest_filter=StableAgentId.HasConsistentHashForSameName" "--gtest_also_run_disabled_tests"
Directory: /home/windows/workspace/coderoast/coderoast-ipc/producer/build
"StableAgentId.HasConsistentHashForSameName" start time: May 04 07:54 CEST
Output:
----------------------------------------------------------
Running main() from /home/windows/workspace/coderoast/coderoast-ipc/.conan2/p/b/gtestdc5ef5ee991d5/b/src/googletest/src/gtest_main.cc
Note: Google Test filter = StableAgentId.HasConsistentHashForSameName
[==========] Running 1 test from 1 test suite.
[----------] Global test environment set-up.
[----------] 1 test from StableAgentId
[ RUN      ] StableAgentId.HasConsistentHashForSameName
[       OK ] StableAgentId.HasConsistentHashForSameName (0 ms)
[----------] 1 test from StableAgentId (0 ms total)

[----------] Global test environment tear-down
[==========] 1 test from 1 test suite ran. (0 ms total)
[  PASSED  ] 1 test.
<end of output>
Test time =   0.00 sec
----------------------------------------------------------
Test Passed.
"StableAgentId.HasConsistentHashForSameName" end time: May 04 07:54 CEST
"StableAgentId.HasConsistentHashForSameName" time elapsed: 00:00:00
----------------------------------------------------------

5/5 Testing: StableAgentId.DifferentNamesProduceDifferentHashes
5/5 Test: StableAgentId.DifferentNamesProduceDifferentHashes
Command: "/home/windows/workspace/coderoast/coderoast-ipc/producer/build/coderoast_ipc_producer_tests" "--gtest_filter=StableAgentId.DifferentNamesProduceDifferentHashes" "--gtest_also_run_disabled_tests"
Directory: /home/windows/workspace/coderoast/coderoast-ipc/producer/build
"StableAgentId.DifferentNamesProduceDifferentHashes" start time: May 04 07:54 CEST
Output:
----------------------------------------------------------
Running main() from /home/windows/workspace/coderoast/coderoast-ipc/.conan2/p/b/gtestdc5ef5ee991d5/b/src/googletest/src/gtest_main.cc
Note: Google Test filter = StableAgentId.DifferentNamesProduceDifferentHashes
[==========] Running 1 test from 1 test suite.
[----------] Global test environment set-up.
[----------] 1 test from StableAgentId
[ RUN      ] StableAgentId.DifferentNamesProduceDifferentHashes
[       OK ] StableAgentId.DifferentNamesProduceDifferentHashes (0 ms)
[----------] 1 test from StableAgentId (0 ms total)

[----------] Global test environment tear-down
[==========] 1 test from 1 test suite ran. (0 ms total)
[  PASSED  ] 1 test.
<end of output>
Test time =   0.00 sec
----------------------------------------------------------
Test Passed.
"StableAgentId.DifferentNamesProduceDifferentHashes" end time: May 04 07:54 CEST
"StableAgentId.DifferentNamesProduceDifferentHashes" time elapsed: 00:00:00
----------------------------------------------------------

End testing: May 04 07:54 CEST
